0 info it worked if it ends with ok
1 verbose cli [ '/usr/bin/node', '/usr/bin/npm', 'start' ]
2 info using npm@3.5.2
3 info using node@v8.10.0
4 verbose run-script [ 'prestart', 'start', 'poststart' ]
5 info lifecycle xfy@0.1.0~prestart: xfy@0.1.0
6 silly lifecycle xfy@0.1.0~prestart: no script for prestart, continuing
7 info lifecycle xfy@0.1.0~start: xfy@0.1.0
8 verbose lifecycle xfy@0.1.0~start: unsafe-perm in lifecycle true
9 verbose lifecycle xfy@0.1.0~start: PATH: /usr/share/npm/bin/node-gyp-bin:/var/www/html/xfy/node_modules/.bin:/usr/local/sbin:/usr/local/bin:/usr/sbin:/usr/bin:/sbin:/bin:/snap/bin:/home/elias/Android/Sdk/tools:/home/elias/Android/Sdk/tools/bin:/home/elias/Android/Sdk/platform-tools:/home/elias/Android/Sdk/emulator
10 verbose lifecycle xfy@0.1.0~start: CWD: /var/www/html/xfy
11 silly lifecycle xfy@0.1.0~start: Args: [ '-c', 'react-scripts start' ]
12 silly lifecycle xfy@0.1.0~start: Returned: code: 143  signal: null
13 info lifecycle xfy@0.1.0~start: Failed to exec start script
14 verbose stack Error: xfy@0.1.0 start: `react-scripts start`
14 verbose stack Exit status 143
14 verbose stack     at EventEmitter.<anonymous> (/usr/share/npm/lib/utils/lifecycle.js:232:16)
14 verbose stack     at emitTwo (events.js:126:13)
14 verbose stack     at EventEmitter.emit (events.js:214:7)
14 verbose stack     at ChildProcess.<anonymous> (/usr/share/npm/lib/utils/spawn.js:24:14)
14 verbose stack     at emitTwo (events.js:126:13)
14 verbose stack     at ChildProcess.emit (events.js:214:7)
14 verbose stack     at maybeClose (internal/child_process.js:925:16)
14 verbose stack     at Process.ChildProcess._handle.onexit (internal/child_process.js:209:5)
15 verbose pkgid xfy@0.1.0
16 verbose cwd /var/www/html/xfy
17 error Linux 4.15.0-55-generic
18 error argv "/usr/bin/node" "/usr/bin/npm" "start"
19 error node v8.10.0
20 error npm  v3.5.2
21 error code ELIFECYCLE
22 error xfy@0.1.0 start: `react-scripts start`
22 error Exit status 143
23 error Failed at the xfy@0.1.0 start script 'react-scripts start'.
23 error Make sure you have the latest version of node.js and npm installed.
23 error If you do, this is most likely a problem with the xfy package,
23 error not with npm itself.
23 error Tell the author that this fails on your system:
23 error     react-scripts start
23 error You can get information on how to open an issue for this project with:
23 error     npm bugs xfy
23 error Or if that isn't available, you can get their info via:
23 error     npm owner ls xfy
23 error There is likely additional logging output above.
24 verbose exit [ 1, true ]
